Arguments: 
  /home/gj011/.nvm/versions/node/v12.14.0/bin/node /home/gj011/.nvm/versions/node/v12.14.0/bin/yarn add fastify @types/fastify

PATH: 
  /home/gj011/.nvm/versions/node/v12.14.0/bin:/usr/local/sbin:/usr/local/bin:/usr/sbin:/usr/bin:/sbin:/bin:/usr/games:/usr/local/games:/snap/bin

Yarn version: 
  1.21.1

Node version: 
  12.14.0

Platform: 
  linux x64

Trace: 
  Error: http://10.0.0.202:9008/@types%2ffastify: no such package available
      at Request.params.callback [as _callback] (/home/gj011/.nvm/versions/node/v12.14.0/lib/node_modules/yarn/lib/cli.js:66947:18)
      at Request.self.callback (/home/gj011/.nvm/versions/node/v12.14.0/lib/node_modules/yarn/lib/cli.js:140665:22)
      at Request.emit (events.js:210:5)
      at Request.<anonymous> (/home/gj011/.nvm/versions/node/v12.14.0/lib/node_modules/yarn/lib/cli.js:141637:10)
      at Request.emit (events.js:210:5)
      at IncomingMessage.<anonymous> (/home/gj011/.nvm/versions/node/v12.14.0/lib/node_modules/yarn/lib/cli.js:141559:12)
      at Object.onceWrapper (events.js:299:28)
      at IncomingMessage.emit (events.js:215:7)
      at endReadableNT (_stream_readable.js:1184:12)
      at processTicksAndRejections (internal/process/task_queues.js:80:21)

npm manifest: 
  {
    "name": "@nger/server-fastify",
    "version": "0.0.0",
    "description": "> TODO: description",
    "author": "imeepos <admin@meepo.com.cn>",
    "homepage": "",
    "license": "ISC",
    "main": "lib/fastify.js",
    "directories": {
      "lib": "lib",
      "test": "__tests__"
    },
    "files": [
      "lib"
    ],
    "publishConfig": {
      "registry": "http://10.0.0.202:9008"
    },
    "scripts": {
      "test": "echo \"Error: run tests from root\" && exit 1"
    }
  }

yarn manifest: 
  No manifest

Lockfile: 
  No lockfile
